info: ::1 - - [14/Mar/2023:05:59:26 +0000] "POST /api/v1/wishlist/6215888305253301a4fda5cd HTTP/1.1" 201 371 "-" "PostmanRuntime/7.31.1"

info: ::1 - - [14/Mar/2023:05:59:38 +0000] "POST /api/v1/wishlist/6215888305253301a4fda5cd HTTP/1.1" 500 65 "-" "PostmanRuntime/7.31.1"

info: ::1 - - [14/Mar/2023:05:59:45 +0000] "POST /api/v1/wishlist/remove/62158a4505253301a4fda5de HTTP/1.1" 500 55 "-" "PostmanRuntime/7.31.1"

info: ::1 - - [14/Mar/2023:06:00:47 +0000] "POST /api/v1/cart/6214803b05253301a4fda584 HTTP/1.1" 500 70 "-" "PostmanRuntime/7.31.1"

info: ::1 - - [14/Mar/2023:06:01:33 +0000] "POST /api/v1/cart/6215178d05253301a4fda5c4 HTTP/1.1" 201 1578 "-" "PostmanRuntime/7.31.1"

info: ::1 - - [14/Mar/2023:06:01:37 +0000] "POST /api/v1/cart/6215178d05253301a4fda5c4 HTTP/1.1" 201 1578 "-" "PostmanRuntime/7.31.1"

info: ::1 - - [14/Mar/2023:06:53:07 +0000] "POST /api/v1/wishlist/remove/62158a4505253301a4fda5de HTTP/1.1" 201 130 "-" "PostmanRuntime/7.31.1"

info: ::1 - - [14/Mar/2023:06:54:15 +0000] "POST /api/v1/wishlist/remove/62158a4505253301a4fda5de HTTP/1.1" 201 120 "-" "PostmanRuntime/7.31.1"

info: ::1 - - [14/Mar/2023:06:58:39 +0000] "POST /api/v1/wishlist/remove/62158a4505253301a4fda5de HTTP/1.1" 201 120 "-" "PostmanRuntime/7.31.1"

info: ::1 - - [14/Mar/2023:07:00:48 +0000] "POST /api/v1/wishlist/remove/62158a4505253301a4fda5de HTTP/1.1" 201 120 "-" "PostmanRuntime/7.31.1"

info: ::1 - - [14/Mar/2023:07:09:34 +0000] "POST /api/v1/wishlist/remove/62158a4505253301a4fda5de HTTP/1.1" 400 56 "-" "PostmanRuntime/7.31.1"

info: ::1 - - [14/Mar/2023:07:09:42 +0000] "POST /api/v1/wishlist/6215888305253301a4fda5cd HTTP/1.1" 201 135 "-" "PostmanRuntime/7.31.1"

info: ::1 - - [14/Mar/2023:07:09:55 +0000] "POST /api/v1/wishlist/remove/6215888305253301a4fda5cd HTTP/1.1" 201 161 "-" "PostmanRuntime/7.31.1"

info: ::1 - - [14/Mar/2023:08:35:01 +0000] "POST /api/v1/wishlist/6215888305253301a4fda5cd HTTP/1.1" 502 22 "-" "PostmanRuntime/7.31.1"

info: ::1 - - [14/Mar/2023:08:35:51 +0000] "POST /api/v1/wishlist/6215888305253301a4fda5cd HTTP/1.1" 400 65 "-" "PostmanRuntime/7.31.1"

info: ::1 - - [14/Mar/2023:08:35:57 +0000] "POST /api/v1/wishlist/remove/6215888305253301a4fda5cd HTTP/1.1" 201 161 "-" "PostmanRuntime/7.31.1"

info: ::1 - - [14/Mar/2023:08:36:04 +0000] "POST /api/v1/wishlist/6215888305253301a4fda5cd HTTP/1.1" 400 22 "-" "PostmanRuntime/7.31.1"

info: ::1 - - [14/Mar/2023:08:38:09 +0000] "POST /api/v1/wishlist/6215888305253301a4fda5cd HTTP/1.1" 400 65 "-" "PostmanRuntime/7.31.1"

info: ::1 - - [14/Mar/2023:08:38:16 +0000] "POST /api/v1/wishlist/6215888305253301a4fda5cd HTTP/1.1" 400 65 "-" "PostmanRuntime/7.31.1"

info: ::1 - - [14/Mar/2023:08:38:25 +0000] "POST /api/v1/wishlist/remove/6215888305253301a4fda5cd HTTP/1.1" 201 161 "-" "PostmanRuntime/7.31.1"

info: ::1 - - [14/Mar/2023:08:38:38 +0000] "POST /api/v1/wishlist/6215888305253301a4fda5cd HTTP/1.1" 400 22 "-" "PostmanRuntime/7.31.1"

info: ::1 - - [14/Mar/2023:08:41:14 +0000] "POST /api/v1/wishlist/6215888305253301a4fda5cd HTTP/1.1" 201 107 "-" "PostmanRuntime/7.31.1"

info: ::1 - - [14/Mar/2023:08:41:28 +0000] "POST /api/v1/wishlist/remove/6215888305253301a4fda5cd HTTP/1.1" 201 161 "-" "PostmanRuntime/7.31.1"

info: ::1 - - [14/Mar/2023:08:41:31 +0000] "POST /api/v1/wishlist/remove/6215888305253301a4fda5cd HTTP/1.1" 400 56 "-" "PostmanRuntime/7.31.1"

info: ::1 - - [14/Mar/2023:08:41:36 +0000] "POST /api/v1/wishlist/6215888305253301a4fda5cd HTTP/1.1" 201 323 "-" "PostmanRuntime/7.31.1"

info: ::1 - - [14/Mar/2023:08:44:12 +0000] "POST /api/v1/wishlist/621588af05253301a4fda5ce HTTP/1.1" 201 505 "-" "PostmanRuntime/7.31.1"

info: ::1 - - [14/Mar/2023:08:44:27 +0000] "POST /api/v1/wishlist/6215888305253301a4fda5cd HTTP/1.1" 201 107 "-" "PostmanRuntime/7.31.1"

info: ::1 - - [14/Mar/2023:08:44:48 +0000] "POST /api/v1/wishlist/621588f105253301a4fda5d0 HTTP/1.1" 201 702 "-" "PostmanRuntime/7.31.1"

info: ::1 - - [14/Mar/2023:08:44:57 +0000] "POST /api/v1/wishlist/remove/621588f105253301a4fda5d0 HTTP/1.1" 201 557 "-" "PostmanRuntime/7.31.1"

info: ::1 - - [14/Mar/2023:08:45:04 +0000] "POST /api/v1/wishlist/remove/621588f105253301a4fda5d0 HTTP/1.1" 400 56 "-" "PostmanRuntime/7.31.1"

info: ::1 - - [14/Mar/2023:08:45:09 +0000] "POST /api/v1/wishlist/621588f105253301a4fda5d0 HTTP/1.1" 201 702 "-" "PostmanRuntime/7.31.1"

info: ::1 - - [14/Mar/2023:08:45:10 +0000] "POST /api/v1/wishlist/621588f105253301a4fda5d0 HTTP/1.1" 201 107 "-" "PostmanRuntime/7.31.1"

info: ::1 - - [14/Mar/2023:11:25:58 +0000] "POST /api/v1/profile HTTP/1.1" 200 223 "-" "PostmanRuntime/7.31.1"

info: ::1 - - [14/Mar/2023:11:27:28 +0000] "POST /api/v1/profile HTTP/1.1" 200 223 "-" "PostmanRuntime/7.31.1"

info: ::1 - - [14/Mar/2023:11:32:49 +0000] "POST /api/v1/profile HTTP/1.1" 500 58 "-" "PostmanRuntime/7.31.1"

info: ::1 - - [14/Mar/2023:11:33:05 +0000] "POST /api/v1/profile HTTP/1.1" 500 58 "-" "PostmanRuntime/7.31.1"

info: ::1 - - [14/Mar/2023:11:34:01 +0000] "POST /api/v1/profile HTTP/1.1" 500 58 "-" "PostmanRuntime/7.31.1"

info: ::1 - - [14/Mar/2023:11:34:11 +0000] "POST /api/v1/profile HTTP/1.1" 500 58 "-" "PostmanRuntime/7.31.1"

info: ::1 - - [14/Mar/2023:11:34:17 +0000] "POST /api/v1/profile HTTP/1.1" 500 65 "-" "PostmanRuntime/7.31.1"

info: ::1 - - [14/Mar/2023:11:36:26 +0000] "POST /api/v1/profile HTTP/1.1" 500 58 "-" "PostmanRuntime/7.31.1"

info: ::1 - - [14/Mar/2023:11:36:33 +0000] "POST /api/v1/profile HTTP/1.1" 500 65 "-" "PostmanRuntime/7.31.1"

info: ::1 - - [14/Mar/2023:11:38:47 +0000] "POST /api/v1/profile HTTP/1.1" 500 71 "-" "PostmanRuntime/7.31.1"

info: ::1 - - [14/Mar/2023:11:39:46 +0000] "POST /api/v1/profile HTTP/1.1" 500 71 "-" "PostmanRuntime/7.31.1"

info: ::1 - - [14/Mar/2023:11:40:09 +0000] "POST /api/v1/profile HTTP/1.1" 500 71 "-" "PostmanRuntime/7.31.1"

info: ::1 - - [14/Mar/2023:11:40:17 +0000] "POST /api/v1/profile HTTP/1.1" 500 114 "-" "PostmanRuntime/7.31.1"

info: ::1 - - [14/Mar/2023:11:40:25 +0000] "POST /api/v1/profile HTTP/1.1" 500 114 "-" "PostmanRuntime/7.31.1"

info: ::1 - - [14/Mar/2023:11:40:37 +0000] "POST /api/v1/profile HTTP/1.1" 500 103 "-" "PostmanRuntime/7.31.1"

info: ::1 - - [14/Mar/2023:11:40:53 +0000] "POST /api/v1/profile HTTP/1.1" 500 114 "-" "PostmanRuntime/7.31.1"

info: ::1 - - [14/Mar/2023:11:41:24 +0000] "POST /api/v1/profile HTTP/1.1" 200 258 "-" "PostmanRuntime/7.31.1"

info: ::1 - - [14/Mar/2023:11:42:35 +0000] "POST /api/v1/profile HTTP/1.1" 200 223 "-" "PostmanRuntime/7.31.1"

info: ::1 - - [14/Mar/2023:11:43:30 +0000] "POST /api/v1/profile HTTP/1.1" 200 223 "-" "PostmanRuntime/7.31.1"

info: ::1 - - [14/Mar/2023:11:45:01 +0000] "POST /api/v1/profile HTTP/1.1" 200 223 "-" "PostmanRuntime/7.31.1"

info: ::1 - - [14/Mar/2023:11:45:49 +0000] "POST /api/v1/profile HTTP/1.1" 200 223 "-" "PostmanRuntime/7.31.1"

info: ::1 - - [14/Mar/2023:11:48:23 +0000] "POST /api/v1/profile HTTP/1.1" 200 223 "-" "PostmanRuntime/7.31.1"

info: ::1 - - [14/Mar/2023:11:49:59 +0000] "POST /api/v1/profile HTTP/1.1" 200 223 "-" "PostmanRuntime/7.31.1"

info: ::1 - - [14/Mar/2023:11:50:21 +0000] "POST /api/v1/profile HTTP/1.1" 500 58 "-" "PostmanRuntime/7.31.1"

info: ::1 - - [14/Mar/2023:13:01:51 +0000] "POST /api/v1/profile HTTP/1.1" 500 58 "-" "PostmanRuntime/7.31.1"

info: ::1 - - [14/Mar/2023:13:02:21 +0000] "POST /api/v1/profile HTTP/1.1" 200 408 "-" "PostmanRuntime/7.31.1"

info: ::1 - - [14/Mar/2023:13:02:40 +0000] "POST /api/v1/profile HTTP/1.1" 200 408 "-" "PostmanRuntime/7.31.1"

info: ::1 - - [14/Mar/2023:13:07:26 +0000] "POST /api/v1/profile HTTP/1.1" 200 381 "-" "PostmanRuntime/7.31.1"

info: ::1 - - [14/Mar/2023:13:08:22 +0000] "POST /api/v1/profile HTTP/1.1" 200 567 "-" "PostmanRuntime/7.31.1"

info: ::1 - - [14/Mar/2023:14:25:42 +0000] "GET /api/v1/profile/remove/work1 HTTP/1.1" 404 47 "-" "PostmanRuntime/7.31.1"

info: ::1 - - [14/Mar/2023:14:26:13 +0000] "DELETE /api/v1/profile/remove/work1 HTTP/1.1" 400 56 "-" "PostmanRuntime/7.31.1"

info: ::1 - - [14/Mar/2023:14:26:20 +0000] "DELETE /api/v1/profile/remove/work1 HTTP/1.1" 200 376 "-" "PostmanRuntime/7.31.1"

info: ::1 - - [14/Mar/2023:14:26:29 +0000] "DELETE /api/v1/profile/remove/work1 HTTP/1.1" 200 184 "-" "PostmanRuntime/7.31.1"

info: ::1 - - [14/Mar/2023:14:28:20 +0000] "DELETE /api/v1/profile/remove/work1 HTTP/1.1" 200 184 "-" "PostmanRuntime/7.31.1"

info: ::1 - - [14/Mar/2023:14:28:27 +0000] "POST /api/v1/profile HTTP/1.1" 200 374 "-" "PostmanRuntime/7.31.1"

info: ::1 - - [14/Mar/2023:14:28:38 +0000] "DELETE /api/v1/profile/remove/work2 HTTP/1.1" 200 369 "-" "PostmanRuntime/7.31.1"

info: ::1 - - [14/Mar/2023:14:28:44 +0000] "DELETE /api/v1/profile/remove/work1 HTTP/1.1" 200 184 "-" "PostmanRuntime/7.31.1"

info: ::1 - - [14/Mar/2023:14:52:09 +0000] "GET /api/v1/cart/lowToHigh HTTP/1.1" 400 56 "-" "PostmanRuntime/7.31.1"

info: ::1 - - [14/Mar/2023:14:52:16 +0000] "GET /api/v1/cart/lowToHigh HTTP/1.1" 201 1471 "-" "PostmanRuntime/7.31.1"

info: ::1 - - [14/Mar/2023:14:52:53 +0000] "POST /api/v1/cart/6215888305253301a4fda5cd HTTP/1.1" 201 1793 "-" "PostmanRuntime/7.31.1"

info: ::1 - - [14/Mar/2023:14:53:06 +0000] "GET /api/v1/cart/lowToHigh HTTP/1.1" 201 1686 "-" "PostmanRuntime/7.31.1"

info: ::1 - - [14/Mar/2023:14:53:28 +0000] "POST /api/v1/cart/621588af05253301a4fda5ce HTTP/1.1" 201 1975 "-" "PostmanRuntime/7.31.1"

info: ::1 - - [14/Mar/2023:14:53:34 +0000] "GET /api/v1/cart/lowToHigh HTTP/1.1" 201 1868 "-" "PostmanRuntime/7.31.1"

info: ::1 - - [14/Mar/2023:14:58:41 +0000] "GET /api/v1/cart/highToLow HTTP/1.1" 400 56 "-" "PostmanRuntime/7.31.1"

info: ::1 - - [14/Mar/2023:14:58:49 +0000] "GET /api/v1/cart/highToLow HTTP/1.1" 201 1868 "-" "PostmanRuntime/7.31.1"

