info: ::1 - - [13/Mar/2023:07:28:10 +0000] "GET /api/v1/wishlist/6214803b05253301a4fda584 HTTP/1.1" 404 47 "-" "PostmanRuntime/7.31.1"

info: ::1 - - [13/Mar/2023:07:29:15 +0000] "POST /api/v1/wishlist/6214803b05253301a4fda584 HTTP/1.1" 404 47 "-" "PostmanRuntime/7.31.1"

info: ::1 - - [13/Mar/2023:07:29:19 +0000] "POST /api/v1/wishlist/6214803b05253301a4fda584 HTTP/1.1" 404 47 "-" "PostmanRuntime/7.31.1"

info: ::1 - - [13/Mar/2023:07:30:26 +0000] "POST /api/v1/wishlist/6214803b05253301a4fda584 HTTP/1.1" 404 47 "-" "PostmanRuntime/7.31.1"

info: ::1 - - [13/Mar/2023:07:30:52 +0000] "POST /api/v1/wishlist/6214803b05253301a4fda584 HTTP/1.1" 404 47 "-" "PostmanRuntime/7.31.1"

info: ::1 - - [13/Mar/2023:07:31:20 +0000] "POST /api/v1/cart/6214803b05253301a4fda584 HTTP/1.1" 201 1570 "-" "PostmanRuntime/7.31.1"

info: ::1 - - [13/Mar/2023:07:32:04 +0000] "POST /api/v1/wishlist/6214803b05253301a4fda584 HTTP/1.1" 404 47 "-" "PostmanRuntime/7.31.1"

info: ::1 - - [13/Mar/2023:07:36:18 +0000] "POST /api/v1/wishlist/6214803b05253301a4fda584 HTTP/1.1" 404 47 "-" "PostmanRuntime/7.31.1"

info: ::1 - - [13/Mar/2023:07:36:54 +0000] "PUT /api/v1/cart/remove/621588af05253301a4fda5ce HTTP/1.1" 201 398 "-" "PostmanRuntime/7.31.1"

info: ::1 - - [13/Mar/2023:07:37:01 +0000] "PUT /api/v1/cart/remove/621588af05253301a4fda5ce HTTP/1.1" 201 181 "-" "PostmanRuntime/7.31.1"

info: ::1 - - [13/Mar/2023:07:37:11 +0000] "POST /api/v1/wishlist/6214803b05253301a4fda584 HTTP/1.1" 400 56 "-" "PostmanRuntime/7.31.1"

info: ::1 - - [13/Mar/2023:07:37:20 +0000] "POST /api/v1/wishlist/6214803b05253301a4fda584 HTTP/1.1" 201 116 "-" "PostmanRuntime/7.31.1"

info: ::1 - - [13/Mar/2023:07:37:26 +0000] "POST /api/v1/wishlist/6214803b05253301a4fda584 HTTP/1.1" 201 116 "-" "PostmanRuntime/7.31.1"

info: ::1 - - [13/Mar/2023:08:29:57 +0000] "POST /api/v1/wishlist/6214803b05253301a4fda584 HTTP/1.1" 201 1322 "-" "PostmanRuntime/7.31.1"

info: ::1 - - [13/Mar/2023:08:30:01 +0000] "POST /api/v1/wishlist/6214803b05253301a4fda584 HTTP/1.1" 500 65 "-" "PostmanRuntime/7.31.1"

info: ::1 - - [13/Mar/2023:08:31:19 +0000] "POST /api/v1/wishlist/6214803b05253301a4fda584 HTTP/1.1" 201 1322 "-" "PostmanRuntime/7.31.1"

info: ::1 - - [13/Mar/2023:08:31:25 +0000] "POST /api/v1/wishlist/62158a4505253301a4fda5de HTTP/1.1" 201 1511 "-" "PostmanRuntime/7.31.1"

info: ::1 - - [13/Mar/2023:08:31:29 +0000] "POST /api/v1/wishlist/62158a4505253301a4fda5de HTTP/1.1" 500 65 "-" "PostmanRuntime/7.31.1"

info: ::1 - - [13/Mar/2023:08:53:34 +0000] "DELETE /api/v1/wishlist/remove/62158a4505253301a4fda5de HTTP/1.1" 404 47 "-" "PostmanRuntime/7.31.1"

info: ::1 - - [13/Mar/2023:08:53:46 +0000] "POST /api/v1/wishlist/remove/62158a4505253301a4fda5de HTTP/1.1" 400 56 "-" "PostmanRuntime/7.31.1"

info: ::1 - - [13/Mar/2023:08:53:52 +0000] "POST /api/v1/wishlist/remove/62158a4505253301a4fda5de HTTP/1.1" 201 1520 "-" "PostmanRuntime/7.31.1"

info: ::1 - - [13/Mar/2023:08:54:06 +0000] "POST /api/v1/wishlist/remove/62158a4505253301a4fda5de HTTP/1.1" 201 1331 "-" "PostmanRuntime/7.31.1"

info: ::1 - - [13/Mar/2023:08:54:11 +0000] "POST /api/v1/wishlist/remove/62158a4505253301a4fda5de HTTP/1.1" 201 161 "-" "PostmanRuntime/7.31.1"

info: ::1 - - [13/Mar/2023:08:57:42 +0000] "POST /api/v1/wishlist/62158a4505253301a4fda5de HTTP/1.1" 201 345 "-" "PostmanRuntime/7.31.1"

info: ::1 - - [13/Mar/2023:08:57:47 +0000] "POST /api/v1/wishlist/62158a4505253301a4fda5de HTTP/1.1" 500 65 "-" "PostmanRuntime/7.31.1"

info: ::1 - - [13/Mar/2023:08:57:52 +0000] "POST /api/v1/wishlist/62158a4505253301a4fda5de HTTP/1.1" 500 65 "-" "PostmanRuntime/7.31.1"

info: ::1 - - [13/Mar/2023:08:58:13 +0000] "POST /api/v1/wishlist/6214803b05253301a4fda584 HTTP/1.1" 201 1516 "-" "PostmanRuntime/7.31.1"

info: ::1 - - [13/Mar/2023:08:58:27 +0000] "POST /api/v1/wishlist/remove/6214803b05253301a4fda584 HTTP/1.1" 201 1520 "-" "PostmanRuntime/7.31.1"

info: ::1 - - [13/Mar/2023:08:59:47 +0000] "POST /api/v1/wishlist/remove/6214803b05253301a4fda584 HTTP/1.1" 404 47 "-" "PostmanRuntime/7.31.1"

info: ::1 - - [13/Mar/2023:08:59:51 +0000] "POST /api/v1/wishlist/remove/6214803b05253301a4fda584 HTTP/1.1" 404 47 "-" "PostmanRuntime/7.31.1"

info: ::1 - - [13/Mar/2023:09:00:04 +0000] "POST /api/v1/wishlist/remove/6214803b05253301a4fda584 HTTP/1.1" 404 47 "-" "PostmanRuntime/7.31.1"

info: ::1 - - [13/Mar/2023:09:00:07 +0000] "POST /api/v1/wishlist/remove/6214803b05253301a4fda584 HTTP/1.1" 404 47 "-" "PostmanRuntime/7.31.1"

info: ::1 - - [13/Mar/2023:09:00:26 +0000] "POST /api/v1/wishlist/6214803b05253301a4fda584 HTTP/1.1" 201 1516 "-" "PostmanRuntime/7.31.1"

info: ::1 - - [13/Mar/2023:09:00:33 +0000] "POST /api/v1/wishlist/6214803b05253301a4fda584 HTTP/1.1" 500 65 "-" "PostmanRuntime/7.31.1"

info: ::1 - - [13/Mar/2023:09:00:43 +0000] "POST /api/v1/wishlist/remove/6214803b05253301a4fda584 HTTP/1.1" 201 349 "-" "PostmanRuntime/7.31.1"

info: ::1 - - [13/Mar/2023:09:00:48 +0000] "POST /api/v1/wishlist/remove/6214803b05253301a4fda584 HTTP/1.1" 404 47 "-" "PostmanRuntime/7.31.1"

info: ::1 - - [13/Mar/2023:09:01:22 +0000] "POST /api/v1/wishlist/remove/6214803b05253301a4fda584 HTTP/1.1" 500 55 "-" "PostmanRuntime/7.31.1"

info: ::1 - - [13/Mar/2023:09:01:59 +0000] "POST /api/v1/wishlist/6215178d05253301a4fda5c4 HTTP/1.1" 201 569 "-" "PostmanRuntime/7.31.1"

info: ::1 - - [13/Mar/2023:09:02:25 +0000] "POST /api/v1/wishlist/6215888305253301a4fda5cd HTTP/1.1" 201 784 "-" "PostmanRuntime/7.31.1"

info: ::1 - - [13/Mar/2023:09:02:37 +0000] "POST /api/v1/wishlist/remove/6215888305253301a4fda5cd HTTP/1.1" 201 573 "-" "PostmanRuntime/7.31.1"

info: ::1 - - [13/Mar/2023:09:02:50 +0000] "POST /api/v1/wishlist/remove/6215178d05253301a4fda5c4 HTTP/1.1" 201 349 "-" "PostmanRuntime/7.31.1"

info: ::1 - - [13/Mar/2023:09:02:57 +0000] "POST /api/v1/wishlist/remove/62158a4505253301a4fda5de HTTP/1.1" 201 161 "-" "PostmanRuntime/7.31.1"

info: ::1 - - [13/Mar/2023:09:03:02 +0000] "POST /api/v1/wishlist/remove/62158a4505253301a4fda5de HTTP/1.1" 500 55 "-" "PostmanRuntime/7.31.1"

info: ::1 - - [13/Mar/2023:09:21:35 +0000] "PUT /api/v1/cart/purchase/640de0ce43ce9339f073c6e8 HTTP/1.1" 201 180 "-" "PostmanRuntime/7.31.1"

info: ::1 - - [13/Mar/2023:09:21:44 +0000] "POST /api/v1/cart/6214803b05253301a4fda584 HTTP/1.1" 201 1353 "-" "PostmanRuntime/7.31.1"

info: ::1 - - [13/Mar/2023:09:21:47 +0000] "POST /api/v1/cart/6214803b05253301a4fda584 HTTP/1.1" 201 1354 "-" "PostmanRuntime/7.31.1"

info: ::1 - - [13/Mar/2023:09:21:53 +0000] "PUT /api/v1/cart/purchase/640de0ce43ce9339f073c6e8 HTTP/1.1" 201 1353 "-" "PostmanRuntime/7.31.1"

info: ::1 - - [13/Mar/2023:09:22:22 +0000] "PUT /api/v1/cart/purchase/640de0ce43ce9339f073c6e8 HTTP/1.1" 201 1353 "-" "PostmanRuntime/7.31.1"

info: ::1 - - [13/Mar/2023:09:22:24 +0000] "PUT /api/v1/cart/purchase/640de0ce43ce9339f073c6e8 HTTP/1.1" 201 1353 "-" "PostmanRuntime/7.31.1"

info: ::1 - - [13/Mar/2023:09:22:25 +0000] "PUT /api/v1/cart/purchase/640de0ce43ce9339f073c6e8 HTTP/1.1" 201 1353 "-" "PostmanRuntime/7.31.1"

info: ::1 - - [13/Mar/2023:09:22:26 +0000] "PUT /api/v1/cart/purchase/640de0ce43ce9339f073c6e8 HTTP/1.1" 201 1353 "-" "PostmanRuntime/7.31.1"

info: ::1 - - [13/Mar/2023:09:22:28 +0000] "PUT /api/v1/cart/purchase/640de0ce43ce9339f073c6e8 HTTP/1.1" 201 1353 "-" "PostmanRuntime/7.31.1"

info: ::1 - - [13/Mar/2023:09:23:16 +0000] "PUT /api/v1/cart/purchase/640de0ce43ce9339f073c6e8 HTTP/1.1" 201 1356 "-" "PostmanRuntime/7.31.1"

